This is pdfTeX, Version 3.1415926-2.4-1.40.13 (TeX Live 2012/Debian) (format=pdflatex 2013.1.11)  6 JUN 2013 17:43
entering extended mode
 restricted \write18 enabled.
 %&-line parsing enabled.
**AllShapesSpaces.tex
(./AllShapesSpaces.tex
LaTeX2e <2011/06/27>
Babel <v3.8m> and hyphenation patterns for english, dumylang, nohyphenation, et
hiopic, farsi, arabic, pinyin, croatian, bulgarian, ukrainian, russian, slovak,
 czech, danish, dutch, usenglishmax, ukenglish, finnish, french, basque, ngerma
n, german, swissgerman, ngerman-x-2012-05-30, german-x-2012-05-30, monogreek, g
reek, ibycus, ancientgreek, hungarian, bengali, tamil, hindi, telugu, gujarati,
 sanskrit, malayalam, kannada, assamese, marathi, oriya, panjabi, italian, lati
n, latvian, lithuanian, mongolian, mongolianlmc, nynorsk, bokmal, indonesian, e
speranto, coptic, welsh, irish, interlingua, serbian, serbianc, slovenian, friu
lan, romansh, estonian, romanian, armenian, uppersorbian, turkish, afrikaans, i
celandic, kurmanji, polish, portuguese, galician, catalan, spanish, swedish, th
ai, loaded.
(/usr/share/texlive/texmf-dist/tex/latex/base/article.cls
Document Class: article 2007/10/19 v1.4h Standard LaTeX document class
(/usr/share/texlive/texmf-dist/tex/latex/base/size12.clo
File: size12.clo 2007/10/19 v1.4h Standard LaTeX file (size option)
)
\c@part=\count79
\c@section=\count80
\c@subsection=\count81
\c@subsubsection=\count82
\c@paragraph=\count83
\c@subparagraph=\count84
\c@figure=\count85
\c@table=\count86
\abovecaptionskip=\skip41
\belowcaptionskip=\skip42
\bibindent=\dimen102
)
(/usr/share/texlive/texmf-dist/tex/latex/geometry/geometry.sty
Package: geometry 2010/09/12 v5.6 Page Geometry

(/usr/share/texlive/texmf-dist/tex/latex/graphics/keyval.sty
Package: keyval 1999/03/16 v1.13 key=value parser (DPC)
\KV@toks@=\toks14
)
(/usr/share/texlive/texmf-dist/tex/generic/oberdiek/ifpdf.sty
Package: ifpdf 2011/01/30 v2.3 Provides the ifpdf switch (HO)
Package ifpdf Info: pdfTeX in PDF mode is detected.
)
(/usr/share/texlive/texmf-dist/tex/generic/oberdiek/ifvtex.sty
Package: ifvtex 2010/03/01 v1.5 Detect VTeX and its facilities (HO)
Package ifvtex Info: VTeX not detected.
)
(/usr/share/texlive/texmf-dist/tex/generic/ifxetex/ifxetex.sty
Package: ifxetex 2010/09/12 v0.6 Provides ifxetex conditional
)
\Gm@cnth=\count87
\Gm@cntv=\count88
\c@Gm@tempcnt=\count89
\Gm@bindingoffset=\dimen103
\Gm@wd@mp=\dimen104
\Gm@odd@mp=\dimen105
\Gm@even@mp=\dimen106
\Gm@layoutwidth=\dimen107
\Gm@layoutheight=\dimen108
\Gm@layouthoffset=\dimen109
\Gm@layoutvoffset=\dimen110
\Gm@dimlist=\toks15
) (./a1.sty
\c@theorem=\count90
)
(/var/lib/texmf/tex/generic/babel/babel.sty
Package: babel 2008/07/08 v3.8m The Babel package

(/usr/share/texlive/texmf-dist/tex/generic/babel/english.ldf
Language: english 2005/03/30 v3.3o English support from the babel system

(/usr/share/texlive/texmf-dist/tex/generic/babel/babel.def
File: babel.def 2008/07/08 v3.8m Babel common definitions
\babel@savecnt=\count91
\U@D=\dimen111
)
\l@canadian = a dialect from \language\l@american 
\l@australian = a dialect from \language\l@british 
\l@newzealand = a dialect from \language\l@british 
))
(/usr/share/texlive/texmf-dist/tex/latex/base/inputenc.sty
Package: inputenc 2008/03/30 v1.1d Input encoding file
\inpenc@prehook=\toks16
\inpenc@posthook=\toks17

(/usr/share/texlive/texmf-dist/tex/latex/base/latin1.def
File: latin1.def 2008/03/30 v1.1d Input encoding file
))
(/usr/share/texlive/texmf-dist/tex/latex/amsfonts/amsfonts.sty
Package: amsfonts 2009/06/22 v3.00 Basic AMSFonts support
\@emptytoks=\toks18
\symAMSa=\mathgroup4
\symAMSb=\mathgroup5
LaTeX Font Info:    Overwriting math alphabet `\mathfrak' in version `bold'
(Font)                  U/euf/m/n --> U/euf/b/n on input line 96.
)
(/usr/share/texlive/texmf-dist/tex/latex/amsfonts/amssymb.sty
Package: amssymb 2009/06/22 v3.00
)
(/usr/share/texlive/texmf-dist/tex/latex/amsmath/amsmath.sty
Package: amsmath 2000/07/18 v2.13 AMS math features
\@mathmargin=\skip43

For additional information on amsmath, use the `?' option.
(/usr/share/texlive/texmf-dist/tex/latex/amsmath/amstext.sty
Package: amstext 2000/06/29 v2.01

(/usr/share/texlive/texmf-dist/tex/latex/amsmath/amsgen.sty
File: amsgen.sty 1999/11/30 v2.0
\@emptytoks=\toks19
\ex@=\dimen112
))
(/usr/share/texlive/texmf-dist/tex/latex/amsmath/amsbsy.sty
Package: amsbsy 1999/11/29 v1.2d
\pmbraise@=\dimen113
)
(/usr/share/texlive/texmf-dist/tex/latex/amsmath/amsopn.sty
Package: amsopn 1999/12/14 v2.01 operator names
)
\inf@bad=\count92
LaTeX Info: Redefining \frac on input line 211.
\uproot@=\count93
\leftroot@=\count94
LaTeX Info: Redefining \overline on input line 307.
\classnum@=\count95
\DOTSCASE@=\count96
LaTeX Info: Redefining \ldots on input line 379.
LaTeX Info: Redefining \dots on input line 382.
LaTeX Info: Redefining \cdots on input line 467.
\Mathstrutbox@=\box26
\strutbox@=\box27
\big@size=\dimen114
LaTeX Font Info:    Redeclaring font encoding OML on input line 567.
LaTeX Font Info:    Redeclaring font encoding OMS on input line 568.
\macc@depth=\count97
\c@MaxMatrixCols=\count98
\dotsspace@=\muskip10
\c@parentequation=\count99
\dspbrk@lvl=\count100
\tag@help=\toks20
\row@=\count101
\column@=\count102
\maxfields@=\count103
\andhelp@=\toks21
\eqnshift@=\dimen115
\alignsep@=\dimen116
\tagshift@=\dimen117
\tagwidth@=\dimen118
\totwidth@=\dimen119
\lineht@=\dimen120
\@envbody=\toks22
\multlinegap=\skip44
\multlinetaggap=\skip45
\mathdisplay@stack=\toks23
LaTeX Info: Redefining \[ on input line 2666.
LaTeX Info: Redefining \] on input line 2667.
)
(/usr/share/texlive/texmf-dist/tex/latex/graphics/graphicx.sty
Package: graphicx 1999/02/16 v1.0f Enhanced LaTeX Graphics (DPC,SPQR)

(/usr/share/texlive/texmf-dist/tex/latex/graphics/graphics.sty
Package: graphics 2009/02/05 v1.0o Standard LaTeX Graphics (DPC,SPQR)

(/usr/share/texlive/texmf-dist/tex/latex/graphics/trig.sty
Package: trig 1999/03/16 v1.09 sin cos tan (DPC)
)
(/usr/share/texlive/texmf-dist/tex/latex/latexconfig/graphics.cfg
File: graphics.cfg 2010/04/23 v1.9 graphics configuration of TeX Live
)
Package graphics Info: Driver file: pdftex.def on input line 91.

(/usr/share/texlive/texmf-dist/tex/latex/pdftex-def/pdftex.def
File: pdftex.def 2011/05/27 v0.06d Graphics/color for pdfTeX

(/usr/share/texlive/texmf-dist/tex/generic/oberdiek/infwarerr.sty
Package: infwarerr 2010/04/08 v1.3 Providing info/warning/error messages (HO)
)
(/usr/share/texlive/texmf-dist/tex/generic/oberdiek/ltxcmds.sty
Package: ltxcmds 2011/11/09 v1.22 LaTeX kernel commands for general use (HO)
)
\Gread@gobject=\count104
))
\Gin@req@height=\dimen121
\Gin@req@width=\dimen122
)
(/usr/share/texlive/texmf-dist/tex/latex/float/float.sty
Package: float 2001/11/08 v1.3d Float enhancements (AL)
\c@float@type=\count105
\float@exts=\toks24
\float@box=\box28
\@float@everytoks=\toks25
\@floatcapt=\box29
)
(/usr/share/texlive/texmf-dist/tex/latex/base/makeidx.sty
Package: makeidx 2000/03/29 v1.0m Standard LaTeX package
)
\@indexfile=\write3
\openout3 = `AllShapesSpaces.idx'.


Writing index file AllShapesSpaces.idx
(./AllShapesSpaces.aux

LaTeX Warning: Label `subsec:surprise' multiply defined.

)
\openout1 = `AllShapesSpaces.aux'.

LaTeX Font Info:    Checking defaults for OML/cmm/m/it on input line 52.
LaTeX Font Info:    ... okay on input line 52.
LaTeX Font Info:    Checking defaults for T1/cmr/m/n on input line 52.
LaTeX Font Info:    ... okay on input line 52.
LaTeX Font Info:    Checking defaults for OT1/cmr/m/n on input line 52.
LaTeX Font Info:    ... okay on input line 52.
LaTeX Font Info:    Checking defaults for OMS/cmsy/m/n on input line 52.
LaTeX Font Info:    ... okay on input line 52.
LaTeX Font Info:    Checking defaults for OMX/cmex/m/n on input line 52.
LaTeX Font Info:    ... okay on input line 52.
LaTeX Font Info:    Checking defaults for U/cmr/m/n on input line 52.
LaTeX Font Info:    ... okay on input line 52.

*geometry* driver: auto-detecting
*geometry* detected driver: pdftex
*geometry* verbose mode - [ preamble ] result:
* driver: pdftex
* paper: a4paper
* layout: <same size as paper>
* layoutoffset:(h,v)=(0.0pt,0.0pt)
* modes: twoside 
* h-part:(L,W,R)=(37.55762pt, 503.61377pt, 56.33649pt)
* v-part:(T,H,B)=(64.87228pt, 682.86613pt, 97.30843pt)
* \paperwidth=597.50787pt
* \paperheight=845.04684pt
* \textwidth=503.61377pt
* \textheight=682.86613pt
* \oddsidemargin=-34.71237pt
* \evensidemargin=-15.9335pt
* \topmargin=-44.3977pt
* \headheight=12.0pt
* \headsep=25.0pt
* \topskip=12.0pt
* \footskip=30.0pt
* \marginparwidth=85.0pt
* \marginparsep=10.0pt
* \columnsep=10.0pt
* \skip\footins=10.8pt plus 4.0pt minus 2.0pt
* \hoffset=0.0pt
* \voffset=0.0pt
* \mag=1000
* \@twocolumnfalse
* \@twosidetrue
* \@mparswitchtrue
* \@reversemarginfalse
* (1in=72.27pt=25.4mm, 1cm=28.453pt)

(/usr/share/texlive/texmf-dist/tex/context/base/supp-pdf.mkii
[Loading MPS to PDF converter (version 2006.09.02).]
\scratchcounter=\count106
\scratchdimen=\dimen123
\scratchbox=\box30
\nofMPsegments=\count107
\nofMParguments=\count108
\everyMPshowfont=\toks26
\MPscratchCnt=\count109
\MPscratchDim=\dimen124
\MPnumerator=\count110
\makeMPintoPDFobject=\count111
\everyMPtoPDFconversion=\toks27
) (/usr/share/texlive/texmf-dist/tex/generic/oberdiek/pdftexcmds.sty
Package: pdftexcmds 2011/11/29 v0.20 Utility functions of pdfTeX for LuaTeX (HO
)

(/usr/share/texlive/texmf-dist/tex/generic/oberdiek/ifluatex.sty
Package: ifluatex 2010/03/01 v1.3 Provides the ifluatex switch (HO)
Package ifluatex Info: LuaTeX not detected.
)
Package pdftexcmds Info: LuaTeX not detected.
Package pdftexcmds Info: \pdf@primitive is available.
Package pdftexcmds Info: \pdf@ifprimitive is available.
Package pdftexcmds Info: \pdfdraftmode found.
)
(/usr/share/texlive/texmf-dist/tex/latex/oberdiek/epstopdf-base.sty
Package: epstopdf-base 2010/02/09 v2.5 Base part for package epstopdf

(/usr/share/texlive/texmf-dist/tex/latex/oberdiek/grfext.sty
Package: grfext 2010/08/19 v1.1 Manage graphics extensions (HO)

(/usr/share/texlive/texmf-dist/tex/generic/oberdiek/kvdefinekeys.sty
Package: kvdefinekeys 2011/04/07 v1.3 Define keys (HO)
))
(/usr/share/texlive/texmf-dist/tex/latex/oberdiek/kvoptions.sty
Package: kvoptions 2011/06/30 v3.11 Key value format for package options (HO)

(/usr/share/texlive/texmf-dist/tex/generic/oberdiek/kvsetkeys.sty
Package: kvsetkeys 2012/04/25 v1.16 Key value parser (HO)

(/usr/share/texlive/texmf-dist/tex/generic/oberdiek/etexcmds.sty
Package: etexcmds 2011/02/16 v1.5 Avoid name clashes with e-TeX commands (HO)
Package etexcmds Info: Could not find \expanded.
(etexcmds)             That can mean that you are not using pdfTeX 1.50 or
(etexcmds)             that some package has redefined \expanded.
(etexcmds)             In the latter case, load this package earlier.
)))
Package grfext Info: Graphics extension search list:
(grfext)             [.png,.pdf,.jpg,.mps,.jpeg,.jbig2,.jb2,.PNG,.PDF,.JPG,.JPE
G,.JBIG2,.JB2,.eps]
(grfext)             \AppendGraphicsExtensions on input line 452.

(/usr/share/texlive/texmf-dist/tex/latex/latexconfig/epstopdf-sys.cfg
File: epstopdf-sys.cfg 2010/07/13 v1.3 Configuration of (r)epstopdf for TeX Liv
e
))
LaTeX Font Info:    Try loading font information for U+msa on input line 55.

(/usr/share/texlive/texmf-dist/tex/latex/amsfonts/umsa.fd
File: umsa.fd 2009/06/22 v3.00 AMS symbols A
)
LaTeX Font Info:    Try loading font information for U+msb on input line 55.

(/usr/share/texlive/texmf-dist/tex/latex/amsfonts/umsb.fd
File: umsb.fd 2009/06/22 v3.00 AMS symbols B
) [1

{/var/lib/texmf/fonts/map/pdftex/updmap/pdftex.map}]
<A.figs/reducedblinkcalculus.pdf, id=17, 514.33775pt x 135.22809pt>
File: A.figs/reducedblinkcalculus.pdf Graphic file (type pdf)

<use A.figs/reducedblinkcalculus.pdf>
Package pdftex.def Info: A.figs/reducedblinkcalculus.pdf used on input line 141
.
(pdftex.def)             Requested size: 426.79134pt x 112.21451pt.
 [2 <./A.figs/reducedblinkcalculus.pdf>]
<A.figs/euclideans.pdf, id=25, 188.2532pt x 98.81668pt>
File: A.figs/euclideans.pdf Graphic file (type pdf)

<use A.figs/euclideans.pdf>
Package pdftex.def Info: A.figs/euclideans.pdf used on input line 179.
(pdftex.def)             Requested size: 321.51622pt x 168.77017pt.


LaTeX Font Warning: Font shape `OT1/cmss/m/it' in size <12> not available
(Font)              Font shape `OT1/cmss/m/sl' tried instead on input line 193.


[3 <./A.figs/euclideans.pdf>]
<A.figs/primes489.pdf, id=33, 522.17203pt x 648.74432pt>
File: A.figs/primes489.pdf Graphic file (type pdf)

<use A.figs/primes489.pdf>
Package pdftex.def Info: A.figs/primes489.pdf used on input line 237.
(pdftex.def)             Requested size: 497.92322pt x 618.62988pt.

<A.figs/primes489links.pdf, id=34, 521.79996pt x 641.21037pt>
File: A.figs/primes489links.pdf Graphic file (type pdf)

<use A.figs/primes489links.pdf>
Package pdftex.def Info: A.figs/primes489links.pdf used on input line 238.
(pdftex.def)             Requested size: 497.92322pt x 611.88594pt.

Overfull \hbox (11.93427pt too wide) in paragraph at lines 237--240
[][] 
 []


Underfull \vbox (badness 10000) has occurred while \output is active []

 [4 <./A.figs/primes489.pdf>] <A.figs/composite.pdf, id=40, 436.52542pt x 278.6
8655pt>
File: A.figs/composite.pdf Graphic file (type pdf)

<use A.figs/composite.pdf>
Package pdftex.def Info: A.figs/composite.pdf used on input line 252.
(pdftex.def)             Requested size: 463.78pt x 296.09946pt.
 [5 <./A.figs/primes489links.pdf>]
Underfull \vbox (badness 2158) has occurred while \output is active []

 [6 <./A.figs/composite.pdf>] <A.figs/linkblink.pdf, id=52, 442.34415pt x 261.3
8635pt>
File: A.figs/linkblink.pdf Graphic file (type pdf)

<use A.figs/linkblink.pdf>
Package pdftex.def Info: A.figs/linkblink.pdf used on input line 331.
(pdftex.def)             Requested size: 321.51622pt x 190.0008pt.
 [7 <./A.figs/linkblink.pdf>] [8]
<A.figs/12to8move.pdf, id=65, 508.33554pt x 378.29309pt>
File: A.figs/12to8move.pdf Graphic file (type pdf)

<use A.figs/12to8move.pdf>
Package pdftex.def Info: A.figs/12to8move.pdf used on input line 433.
(pdftex.def)             Requested size: 426.79134pt x 317.61972pt.
 [9 <./A.figs/12to8move.pdf>] [10]
<A.figs/ribbonrelation.pdf, id=74, 297.16017pt x 45.19385pt>
File: A.figs/ribbonrelation.pdf Graphic file (type pdf)

<use A.figs/ribbonrelation.pdf>
Package pdftex.def Info: A.figs/ribbonrelation.pdf used on input line 598.
(pdftex.def)             Requested size: 190.63338pt x 28.9929pt.

<A.figs/doubledtrefoil.pdf, id=75, 270.31146pt x 81.28111pt>
File: A.figs/doubledtrefoil.pdf Graphic file (type pdf)

<use A.figs/doubledtrefoil.pdf>
Package pdftex.def Info: A.figs/doubledtrefoil.pdf used on input line 610.
(pdftex.def)             Requested size: 312.9803pt x 94.12119pt.
 [11 <./A.figs/ribbonrelation.pdf>]
<A.figs/ribbonmove.pdf, id=81, 339.10405pt x 54.7875pt>
File: A.figs/ribbonmove.pdf Graphic file (type pdf)

<use A.figs/ribbonmove.pdf>
Package pdftex.def Info: A.figs/ribbonmove.pdf used on input line 618.
(pdftex.def)             Requested size: 312.9803pt x 50.56813pt.


LaTeX Font Warning: Command \tiny invalid in math mode on input line 625.


LaTeX Font Warning: Command \tiny invalid in math mode on input line 626.

<A.figs/General_pq_DehnFilling.pdf, id=82, 372.0302pt x 205.80826pt>
File: A.figs/General_pq_DehnFilling.pdf Graphic file (type pdf)

<use A.figs/General_pq_DehnFilling.pdf>
Package pdftex.def Info: A.figs/General_pq_DehnFilling.pdf used on input line 6
33.
(pdftex.def)             Requested size: 369.88582pt x 204.63637pt.

Underfull \vbox (badness 10000) has occurred while \output is active []

 [12 <./A.figs/doubledtrefoil.pdf> <./A.figs/ribbonmove.pdf

pdfTeX warning: /usr/bin/pdflatex (file ./A.figs/ribbonmove.pdf): PDF inclusion
: multiple pdfs with page group included in a single page
>] <A.figs/blinklinkgem.pdf, id=95, 333.7507pt x 99.62677pt>
File: A.figs/blinklinkgem.pdf Graphic file (type pdf)

<use A.figs/blinklinkgem.pdf>
Package pdftex.def Info: A.figs/blinklinkgem.pdf used on input line 674.
(pdftex.def)             Requested size: 312.9803pt x 93.43481pt.
 [13 <./A.figs/General_pq_DehnFilling.pdf> <./A.figs/blinklinkgem.pdf

pdfTeX warning: /usr/bin/pdflatex (file ./A.figs/blinklinkgem.pdf): PDF inclusi
on: multiple pdfs with page group included in a single page
>] <A.figs/doglikeblink.pdf, id=103, 171.34598pt x 129.55844pt>
File: A.figs/doglikeblink.pdf Graphic file (type pdf)

<use A.figs/doglikeblink.pdf>
Package pdftex.def Info: A.figs/doglikeblink.pdf used on input line 733.
(pdftex.def)             Requested size: 184.9429pt x 139.83997pt.

<A.figs/repdoglikeblink.pdf, id=104, 102.82397pt x 118.70294pt>
File: A.figs/repdoglikeblink.pdf Graphic file (type pdf)

<use A.figs/repdoglikeblink.pdf>
Package pdftex.def Info: A.figs/repdoglikeblink.pdf used on input line 736.
(pdftex.def)             Requested size: 85.35826pt x 98.5415pt.
 [14 <./A.figs/doglikeblink.pdf> <./A.figs/repdoglikeblink.pdf

pdfTeX warning: /usr/bin/pdflatex (file ./A.figs/repdoglikeblink.pdf): PDF incl
usion: multiple pdfs with page group included in a single page
>] <A.figs/4pipeline.pdf, id=111, 430.2329pt x 388.01355pt>
File: A.figs/4pipeline.pdf Graphic file (type pdf)

<use A.figs/4pipeline.pdf>
Package pdftex.def Info: A.figs/4pipeline.pdf used on input line 794.
(pdftex.def)             Requested size: 483.69684pt x 436.2418pt.

Underfull \vbox (badness 10000) has occurred while \output is active []

 [15]
<A.figs/SomeTopologicalFiltering.pdf, id=115, 458.63892pt x 222.77304pt>
File: A.figs/SomeTopologicalFiltering.pdf Graphic file (type pdf)

<use A.figs/SomeTopologicalFiltering.pdf>
Package pdftex.def Info: A.figs/SomeTopologicalFiltering.pdf used on input line
 813.
(pdftex.def)             Requested size: 398.33858pt x 193.48804pt.

Underfull \vbox (badness 10000) has occurred while \output is active []

 [16 <./A.figs/4pipeline.pdf>] <A.figs/nine126.pdf, id=121, 376.48154pt x 418.0
8821pt>
File: A.figs/nine126.pdf Graphic file (type pdf)

<use A.figs/nine126.pdf>
Package pdftex.def Info: A.figs/nine126.pdf used on input line 840.
(pdftex.def)             Requested size: 241.84842pt x 268.5835pt.

<A.figs/nine199.pdf, id=122, 376.68228pt x 338.23866pt>
File: A.figs/nine199.pdf Graphic file (type pdf)

<use A.figs/nine199.pdf>
Package pdftex.def Info: A.figs/nine199.pdf used on input line 841.
(pdftex.def)             Requested size: 241.84842pt x 217.16875pt.

Underfull \vbox (badness 10000) has occurred while \output is active []

 [17 <./A.figs/SomeTopologicalFiltering.pdf>]
Underfull \hbox (badness 10000) in paragraph at lines 867--882

 []

[18 <./A.figs/nine126.pdf> <./A.figs/nine199.pdf

pdfTeX warning: /usr/bin/pdflatex (file ./A.figs/nine199.pdf): PDF inclusion: m
ultiple pdfs with page group included in a single page
>] <A.figs/T15t_19focusedchallenge.pdf, id=134, 442.50316pt x 136.98204pt>
File: A.figs/T15t_19focusedchallenge.pdf Graphic file (type pdf)

<use A.figs/T15t_19focusedchallenge.pdf>
Package pdftex.def Info: A.figs/T15t_19focusedchallenge.pdf used on input line 
942.
(pdftex.def)             Requested size: 398.33858pt x 123.30984pt.
 [19] [20 <./A.figs/T15t_19focusedchallenge.pdf>] (./AllShapesSpaces.bbl [21]
Underfull \hbox (badness 2426) in paragraph at lines 102--105
[]\OT1/cmr/m/n/12 S. L. Lins.  Closed ori-ented 3-manifolds are equiv-a-lence c
lasses of plane graphs.
 []


Underfull \hbox (badness 1983) in paragraph at lines 107--110
[]\OT1/cmr/m/n/12 S. L. Lins.  A tougher chal-lenge to 3-manifold topol-o-gists
 and group al-ge-braists.
 []

[22]) [23] <A.figs/primes489m11.pdf, id=153, 519.42622pt x 622.33517pt>
File: A.figs/primes489m11.pdf Graphic file (type pdf)

<use A.figs/primes489m11.pdf>
Package pdftex.def Info: A.figs/primes489m11.pdf used on input line 1049.
(pdftex.def)             Requested size: 469.47046pt x 562.49898pt.

Underfull \vbox (badness 10000) has occurred while \output is active []

 [24 <./A.figs/primes489m11.pdf>]
<A.figs/primes489linksm11.pdf, id=159, 521.83372pt x 615.94588pt>
File: A.figs/primes489linksm11.pdf Graphic file (type pdf)

<use A.figs/primes489linksm11.pdf>
Package pdftex.def Info: A.figs/primes489linksm11.pdf used on input line 1051.
(pdftex.def)             Requested size: 469.47046pt x 554.15819pt.

Underfull \vbox (badness 10000) has occurred while \output is active []

 [25 <./A.figs/primes489linksm11.pdf>]
<A.figs/primes489m12.pdf, id=166, 520.07367pt x 621.83807pt>
File: A.figs/primes489m12.pdf Graphic file (type pdf)

<use A.figs/primes489m12.pdf>
Package pdftex.def Info: A.figs/primes489m12.pdf used on input line 1053.
(pdftex.def)             Requested size: 469.47046pt x 561.33804pt.

Underfull \vbox (badness 10000) has occurred while \output is active []

 [26 <./A.figs/primes489m12.pdf>]
<A.figs/primes489linksm12.pdf, id=172, 510.7831pt x 615.91298pt>
File: A.figs/primes489linksm12.pdf Graphic file (type pdf)

<use A.figs/primes489linksm12.pdf>
Package pdftex.def Info: A.figs/primes489linksm12.pdf used on input line 1055.
(pdftex.def)             Requested size: 469.47046pt x 566.09233pt.

Underfull \vbox (badness 10000) has occurred while \output is active []

 [27 <./A.figs/primes489linksm12.pdf>]
<A.figs/primes489m21.pdf, id=178, 529.19925pt x 673.1339pt>
File: A.figs/primes489m21.pdf Graphic file (type pdf)

<use A.figs/primes489m21.pdf>
Package pdftex.def Info: A.figs/primes489m21.pdf used on input line 1057.
(pdftex.def)             Requested size: 469.47046pt x 597.16656pt.

Underfull \vbox (badness 10000) has occurred while \output is active []

 [28 <./A.figs/primes489m21.pdf>]
<A.figs/primes489linksm21.pdf, id=185, 513.88622pt x 666.77113pt>
File: A.figs/primes489linksm21.pdf Graphic file (type pdf)

<use A.figs/primes489linksm21.pdf>
Package pdftex.def Info: A.figs/primes489linksm21.pdf used on input line 1059.
(pdftex.def)             Requested size: 469.47046pt x 609.14343pt.

Underfull \vbox (badness 10000) has occurred while \output is active []

 [29 <./A.figs/primes489linksm21.pdf>]
<A.figs/primes489m22.pdf, id=191, 526.59344pt x 621.36082pt>
File: A.figs/primes489m22.pdf Graphic file (type pdf)

<use A.figs/primes489m22.pdf>
Package pdftex.def Info: A.figs/primes489m22.pdf used on input line 1061.
(pdftex.def)             Requested size: 469.47046pt x 553.98595pt.

Underfull \vbox (badness 10000) has occurred while \output is active []

 [30 <./A.figs/primes489m22.pdf>]
<A.figs/primes489linksm22.pdf, id=197, 526.93953pt x 614.27258pt>
File: A.figs/primes489linksm22.pdf Graphic file (type pdf)

<use A.figs/primes489linksm22.pdf>
Package pdftex.def Info: A.figs/primes489linksm22.pdf used on input line 1063.
(pdftex.def)             Requested size: 469.47046pt x 547.27264pt.

Underfull \vbox (badness 10000) has occurred while \output is active []

 [31 <./A.figs/primes489linksm22.pdf>] (./AllShapesSpaces.aux)

LaTeX Warning: There were multiply-defined labels.

 ) 
Here is how much of TeX's memory you used:
 3672 strings out of 493485
 50515 string characters out of 3143526
 116508 words of memory out of 3000000
 6878 multiletter control sequences out of 15000+200000
 19285 words of font info for 74 fonts, out of 3000000 for 9000
 957 hyphenation exceptions out of 8191
 37i,17n,31p,1097b,316s stack positions out of 5000i,500n,10000p,200000b,50000s
</usr/share/texlive/texmf-dist/fonts/type1/public/amsfonts/cm/cmbx10.pfb></us
r/share/texlive/texmf-dist/fonts/type1/public/amsfonts/cm/cmbx12.pfb></usr/shar
e/texlive/texmf-dist/fonts/type1/public/amsfonts/cm/cmbxti10.pfb></usr/share/te
xlive/texmf-dist/fonts/type1/public/amsfonts/cm/cmmi10.pfb></usr/share/texlive/
texmf-dist/fonts/type1/public/amsfonts/cm/cmmi12.pfb></usr/share/texlive/texmf-
dist/fonts/type1/public/amsfonts/cm/cmmi8.pfb></usr/share/texlive/texmf-dist/fo
nts/type1/public/amsfonts/cm/cmr10.pfb></usr/share/texlive/texmf-dist/fonts/typ
e1/public/amsfonts/cm/cmr12.pfb></usr/share/texlive/texmf-dist/fonts/type1/publ
ic/amsfonts/cm/cmr17.pfb></usr/share/texlive/texmf-dist/fonts/type1/public/amsf
onts/cm/cmr8.pfb></usr/share/texlive/texmf-dist/fonts/type1/public/amsfonts/cm/
cmss12.pfb></usr/share/texlive/texmf-dist/fonts/type1/public/amsfonts/cm/cmssi1
2.pfb></usr/share/texlive/texmf-dist/fonts/type1/public/amsfonts/cm/cmsy10.pfb>
</usr/share/texlive/texmf-dist/fonts/type1/public/amsfonts/cm/cmsy7.pfb></usr/s
hare/texlive/texmf-dist/fonts/type1/public/amsfonts/cm/cmti10.pfb></usr/share/t
exlive/texmf-dist/fonts/type1/public/amsfonts/cm/cmti12.pfb></usr/share/texlive
/texmf-dist/fonts/type1/public/amsfonts/cm/cmtt12.pfb></usr/share/texlive/texmf
-dist/fonts/type1/public/amsfonts/symbols/msam10.pfb></usr/share/texlive/texmf-
dist/fonts/type1/public/amsfonts/symbols/msbm10.pfb>
Output written on AllShapesSpaces.pdf (31 pages, 3493682 bytes).
PDF statistics:
 264 PDF objects out of 1000 (max. 8388607)
 181 compressed objects within 2 object streams
 0 named destinations out of 1000 (max. 500000)
 136 words of extra memory for PDF output out of 10000 (max. 10000000)

